2025-04-02 11:23:42,247 [INFO] Fuzzing started with 17 payloads across 1 parameter(s)
2025-04-02 11:23:42,247 [INFO] Sending GET request to http://www.fragrancenet.com/search with q=root
2025-04-02 11:23:42,482 [INFO] Filtered response: https://www.fragrancenet.com/search?q=root [22963 bytes]
2025-04-02 11:23:42,483 [INFO] Received response 403 from https://www.fragrancenet.com/search?q=root
2025-04-02 11:23:42,483 [INFO] Sending GET request to http://www.fragrancenet.com/search with q=admin
2025-04-02 11:23:42,653 [INFO] Filtered response: https://www.fragrancenet.com/search?q=admin [22945 bytes]
2025-04-02 11:23:42,669 [INFO] Received response 403 from https://www.fragrancenet.com/search?q=admin
2025-04-02 11:23:42,669 [INFO] Sending GET request to http://www.fragrancenet.com/search with q=test
2025-04-02 11:23:42,812 [INFO] Filtered response: https://www.fragrancenet.com/search?q=test [22963 bytes]
2025-04-02 11:23:42,812 [INFO] Received response 403 from https://www.fragrancenet.com/search?q=test
2025-04-02 11:23:42,812 [INFO] Sending GET request to http://www.fragrancenet.com/search with q=guest
2025-04-02 11:23:42,972 [INFO] Filtered response: https://www.fragrancenet.com/search?q=guest [22966 bytes]
2025-04-02 11:23:42,972 [INFO] Received response 403 from https://www.fragrancenet.com/search?q=guest
2025-04-02 11:23:42,972 [INFO] Sending GET request to http://www.fragrancenet.com/search with q=info
2025-04-02 11:23:43,174 [INFO] Filtered response: https://www.fragrancenet.com/search?q=info [22963 bytes]
2025-04-02 11:23:43,174 [INFO] Received response 403 from https://www.fragrancenet.com/search?q=info
2025-04-02 11:23:43,174 [INFO] Sending GET request to http://www.fragrancenet.com/search with q=adm
2025-04-02 11:23:43,323 [INFO] Filtered response: https://www.fragrancenet.com/search?q=adm [22939 bytes]
2025-04-02 11:23:43,323 [INFO] Received response 403 from https://www.fragrancenet.com/search?q=adm
2025-04-02 11:23:43,323 [INFO] Sending GET request to http://www.fragrancenet.com/search with q=mysql
2025-04-02 11:23:43,493 [INFO] Filtered response: https://www.fragrancenet.com/search?q=mysql [22966 bytes]
2025-04-02 11:23:43,493 [INFO] Received response 403 from https://www.fragrancenet.com/search?q=mysql
2025-04-02 11:23:43,493 [INFO] Sending GET request to http://www.fragrancenet.com/search with q=user
2025-04-02 11:23:43,679 [INFO] Filtered response: https://www.fragrancenet.com/search?q=user [22985 bytes]
2025-04-02 11:23:43,679 [INFO] Received response 403 from https://www.fragrancenet.com/search?q=user
2025-04-02 11:23:43,679 [INFO] Sending GET request to http://www.fragrancenet.com/search with q=administrator
2025-04-02 11:23:43,840 [INFO] Filtered response: https://www.fragrancenet.com/search?q=administrator [23033 bytes]
2025-04-02 11:23:43,840 [INFO] Received response 403 from https://www.fragrancenet.com/search?q=administrator
2025-04-02 11:23:43,840 [INFO] Sending GET request to http://www.fragrancenet.com/search with q=oracle
2025-04-02 11:23:44,000 [INFO] Filtered response: https://www.fragrancenet.com/search?q=oracle [22969 bytes]
2025-04-02 11:23:44,000 [INFO] Received response 403 from https://www.fragrancenet.com/search?q=oracle
2025-04-02 11:23:44,000 [INFO] Sending GET request to http://www.fragrancenet.com/search with q=ftp
2025-04-02 11:23:44,141 [INFO] Filtered response: https://www.fragrancenet.com/search?q=ftp [22960 bytes]
2025-04-02 11:23:44,141 [INFO] Received response 403 from https://www.fragrancenet.com/search?q=ftp
2025-04-02 11:23:44,141 [INFO] Sending GET request to http://www.fragrancenet.com/search with q=pi
2025-04-02 11:23:44,299 [INFO] Filtered response: https://www.fragrancenet.com/search?q=pi [22957 bytes]
2025-04-02 11:23:44,299 [INFO] Received response 403 from https://www.fragrancenet.com/search?q=pi
2025-04-02 11:23:44,299 [INFO] Sending GET request to http://www.fragrancenet.com/search with q=puppet
2025-04-02 11:23:44,442 [INFO] Filtered response: https://www.fragrancenet.com/search?q=puppet [22969 bytes]
2025-04-02 11:23:44,444 [INFO] Received response 403 from https://www.fragrancenet.com/search?q=puppet
2025-04-02 11:23:44,444 [INFO] Sending GET request to http://www.fragrancenet.com/search with q=ansible
2025-04-02 11:23:44,585 [INFO] Filtered response: https://www.fragrancenet.com/search?q=ansible [22951 bytes]
2025-04-02 11:23:44,585 [INFO] Received response 403 from https://www.fragrancenet.com/search?q=ansible
2025-04-02 11:23:44,585 [INFO] Sending GET request to http://www.fragrancenet.com/search with q=ec2-user
2025-04-02 11:23:44,764 [INFO] Filtered response: https://www.fragrancenet.com/search?q=ec2-user [23018 bytes]
2025-04-02 11:23:44,764 [INFO] Received response 403 from https://www.fragrancenet.com/search?q=ec2-user
2025-04-02 11:23:44,764 [INFO] Sending GET request to http://www.fragrancenet.com/search with q=vagrant
2025-04-02 11:23:44,908 [INFO] Filtered response: https://www.fragrancenet.com/search?q=vagrant [22972 bytes]
2025-04-02 11:23:44,908 [INFO] Received response 403 from https://www.fragrancenet.com/search?q=vagrant
2025-04-02 11:23:44,908 [INFO] Sending GET request to http://www.fragrancenet.com/search with q=azureuser
2025-04-02 11:23:45,067 [INFO] Filtered response: https://www.fragrancenet.com/search?q=azureuser [22999 bytes]
2025-04-02 11:23:45,067 [INFO] Received response 403 from https://www.fragrancenet.com/search?q=azureuser
